2026-03-16 14:51:46,321 [INFO] utils.helpers: Logging initialized. Log file: logs/iris_20260316_145146.log
2026-03-16 14:51:46,321 [INFO] __main__: ============================================================
2026-03-16 14:51:46,321 [INFO] __main__: Starting IRIS Update Cycle
2026-03-16 14:51:46,321 [INFO] __main__: ============================================================
2026-03-16 14:51:46,321 [INFO] __main__: 
[Step 1] Creating update folder...
2026-03-16 14:51:46,321 [INFO] __main__: Update folder: /home/NagaiYoru/research/IRIS_papers/update_2026_03_16_1451
2026-03-16 14:51:46,321 [INFO] __main__: 
[Step 2] Loading existing paper entries...
2026-03-16 14:51:46,321 [INFO] __main__: Found 4 existing papers in database
2026-03-16 14:51:46,321 [INFO] __main__: 
[Step 3] Initializing arXiv service...
2026-03-16 14:51:46,321 [INFO] __main__: 
[Step 4] Searching arXiv for papers...
2026-03-16 14:51:46,321 [INFO] services.arxiv_service: Searching arXiv with keywords: ['neutrino', 'juno', 'dune', 'hyper-kamiokande', 'super-kamiokande', 'icecube', 'sno', 'kamland', 'borexino']
2026-03-16 14:51:46,322 [INFO] arxiv: Requesting page (first: True, try: 0): https://export.arxiv.org/api/query?search_query=neutrino+OR+juno+OR+dune+OR+hyper-kamiokande+OR+super-kamiokande+OR+icecube+OR+sno+OR+kamland+OR+borexino&id_list=&sortBy=submittedDate&sortOrder=descending&start=0&max_results=100
2026-03-16 14:51:47,260 [INFO] arxiv: Got first page: 100 of 41680 total results
2026-03-16 14:51:47,261 [INFO] services.arxiv_service: Found 2 papers from arXiv
2026-03-16 14:51:47,261 [INFO] __main__: 
[Step 5] Filtering papers...
2026-03-16 14:51:47,261 [INFO] services.arxiv_service: Filtering results: 0 new, 2 duplicates, 0 review papers
2026-03-16 14:51:47,261 [INFO] __main__: 
[Step 6] Downloading PDFs...
2026-03-16 14:51:47,261 [INFO] __main__: No new papers to download
2026-03-16 14:51:47,261 [INFO] __main__: 
[Step 7] Saving metadata...
2026-03-16 14:51:47,270 [INFO] __main__: 
[Step 8] Generating update log...
2026-03-16 14:51:47,270 [INFO] __main__: 
[Step 8.5] Starting infrastructure...
2026-03-16 14:51:47,271 [INFO] services.deploy_server: VllmControl initialized for index model
2026-03-16 14:51:47,271 [INFO] services.deploy_server: VllmControl initialized for qa model
2026-03-16 14:51:47,271 [INFO] services.deploy_server: DeployServer initialized
2026-03-16 14:51:47,332 [INFO] services.deploy_server: Waiting for Milvus to be ready...
