2026-03-15 18:25:15,526 [INFO] utils.helpers: Logging initialized. Log file: logs/iris_20260315_182515.log
2026-03-15 18:25:15,526 [INFO] __main__: ============================================================
2026-03-15 18:25:15,526 [INFO] __main__: Starting IRIS Update Cycle
2026-03-15 18:25:15,526 [INFO] __main__: ============================================================
2026-03-15 18:25:15,526 [INFO] __main__: 
[Step 1] Creating update folder...
2026-03-15 18:25:15,526 [INFO] __main__: Update folder: /home/NagaiYoru/research/IRIS_papers/update_2026_03_15_1825
2026-03-15 18:25:15,527 [INFO] __main__: 
[Step 2] Loading existing paper entries...
2026-03-15 18:25:15,527 [INFO] __main__: Found 1 existing papers in database
2026-03-15 18:25:15,527 [INFO] __main__: 
[Step 3] Initializing arXiv service...
2026-03-15 18:25:15,527 [INFO] __main__: 
[Step 4] Searching arXiv for papers...
2026-03-15 18:25:15,527 [INFO] services.arxiv_service: Searching arXiv with keywords: ['neutrino', 'juno', 'dune', 'hyper-kamiokande', 'super-kamiokande', 'icecube', 'sno', 'kamland', 'borexino']
2026-03-15 18:25:15,527 [INFO] arxiv: Requesting page (first: True, try: 0): https://export.arxiv.org/api/query?search_query=neutrino+OR+juno+OR+dune+OR+hyper-kamiokande+OR+super-kamiokande+OR+icecube+OR+sno+OR+kamland+OR+borexino&id_list=&sortBy=submittedDate&sortOrder=descending&start=0&max_results=100
2026-03-15 18:25:22,205 [INFO] arxiv: Got first page: 100 of 41672 total results
2026-03-15 18:25:22,205 [INFO] services.arxiv_service: Found 1 papers from arXiv
2026-03-15 18:25:22,205 [INFO] __main__: 
[Step 5] Filtering papers...
2026-03-15 18:25:22,205 [INFO] services.arxiv_service: Filtering results: 0 new, 1 duplicates, 0 review papers
2026-03-15 18:25:22,205 [INFO] __main__: 
[Step 6] Downloading PDFs...
2026-03-15 18:25:22,206 [INFO] __main__: No new papers to download
2026-03-15 18:25:22,206 [INFO] __main__: 
[Step 7] Saving metadata...
2026-03-15 18:25:22,206 [INFO] __main__: 
[Step 8] Generating update log...
2026-03-15 18:25:22,206 [INFO] __main__: No new papers, skipping indexing and QA
2026-03-15 18:25:22,206 [INFO] __main__: 
[Step 12] Sending email notification...
2026-03-15 18:25:22,206 [INFO] __main__: Email notifications disabled in config
2026-03-15 18:25:22,206 [INFO] __main__: 
============================================================
2026-03-15 18:25:22,206 [INFO] __main__: IRIS Update Cycle Completed Successfully
2026-03-15 18:25:22,206 [INFO] __main__: ============================================================
2026-03-15 18:25:22,206 [INFO] __main__: Update folder: /home/NagaiYoru/research/IRIS_papers/update_2026_03_15_1825
2026-03-15 18:25:22,206 [INFO] __main__: New papers: 0
