2026-03-16 16:41:10,414 [INFO] utils.helpers: Logging initialized. Log file: logs/iris_20260316_164110.log
2026-03-16 16:41:10,414 [INFO] __main__: ============================================================
2026-03-16 16:41:10,414 [INFO] __main__: Starting IRIS Update Cycle
2026-03-16 16:41:10,414 [INFO] __main__: ============================================================
2026-03-16 16:41:10,414 [INFO] __main__: 
[Step 1] Creating update folder...
2026-03-16 16:41:10,415 [INFO] __main__: Update folder: /home/NagaiYoru/research/IRIS_papers/update_2026_03_16_1641
2026-03-16 16:41:10,415 [INFO] __main__: 
[Step 2] Loading existing paper entries...
2026-03-16 16:41:10,415 [INFO] __main__: Found 2 existing papers in database
2026-03-16 16:41:10,415 [INFO] __main__: 
[Step 3] Initializing arXiv service...
2026-03-16 16:41:10,415 [INFO] __main__: 
[Step 4] Searching arXiv for papers...
2026-03-16 16:41:10,415 [INFO] services.arxiv_service: Searching arXiv with keywords: ['neutrino', 'juno', 'dune', 'hyper-kamiokande', 'super-kamiokande', 'icecube', 'sno', 'kamland', 'borexino']
2026-03-16 16:41:10,415 [INFO] arxiv: Requesting page (first: True, try: 0): https://export.arxiv.org/api/query?search_query=neutrino+OR+juno+OR+dune+OR+hyper-kamiokande+OR+super-kamiokande+OR+icecube+OR+sno+OR+kamland+OR+borexino&id_list=&sortBy=submittedDate&sortOrder=descending&start=0&max_results=100
2026-03-16 16:41:12,240 [INFO] arxiv: Got first page: 100 of 41680 total results
2026-03-16 16:41:12,241 [INFO] services.arxiv_service: Found 2 papers from arXiv
2026-03-16 16:41:12,241 [INFO] __main__: 
[Step 5] Filtering papers...
2026-03-16 16:41:12,241 [INFO] services.arxiv_service: Filtering results: 0 new, 2 duplicates, 0 review papers
2026-03-16 16:41:12,241 [INFO] __main__: 
[Step 6] Downloading PDFs...
2026-03-16 16:41:12,241 [INFO] __main__: No new papers to download
2026-03-16 16:41:12,241 [INFO] __main__: 
[Step 7] Saving metadata...
2026-03-16 16:41:12,242 [INFO] __main__: 
[Step 8] Generating update log...
2026-03-16 16:41:12,242 [INFO] __main__: 
[Step 8.5] Starting infrastructure...
2026-03-16 16:41:12,242 [INFO] services.deploy_service: VllmControl initialized for index model
2026-03-16 16:41:12,242 [INFO] services.deploy_service: VllmControl initialized for qa model
2026-03-16 16:41:12,242 [INFO] services.deploy_service: DeployServer initialized
2026-03-16 16:41:12,429 [INFO] services.deploy_service: Starting Milvus container: milvus-ultrarag
2026-03-16 16:41:12,447 [INFO] services.deploy_service: Container exists, starting existing container
2026-03-16 16:41:12,702 [INFO] services.deploy_service: Milvus container started
2026-03-16 16:41:12,702 [INFO] services.deploy_service: Waiting for Milvus to be ready...
